[debug] [2019-03-15T02:10:56.073Z] ----------------------------------------------------------------------
[debug] [2019-03-15T02:10:56.075Z] Command:       C:\Program Files\nodejs\node.exe C:\Users\calaj\AppData\Roaming\npm\node_modules\firebase-tools\bin\firebase init
[debug] [2019-03-15T02:10:56.075Z] CLI Version:   5.1.1
[debug] [2019-03-15T02:10:56.075Z] Platform:      win32
[debug] [2019-03-15T02:10:56.075Z] Node Version:  v11.10.0
[debug] [2019-03-15T02:10:56.077Z] Time:          Fri Mar 15 2019 03:10:56 GMT+0100 (GMT+01:00)
[debug] [2019-03-15T02:10:56.077Z] ----------------------------------------------------------------------
[debug] 
[debug] [2019-03-15T02:10:56.088Z] > command requires scopes: ["email","openid","https://www.googleapis.com/auth/cloudplatformprojects.readonly","https://www.googleapis.com/auth/firebase","https://www.googleapis.com/auth/cloud-platform"]
[debug] [2019-03-15T02:10:56.088Z] > authorizing via signed-in user
[info] 
     ######## #### ########  ######## ########     ###     ######  ########
     ##        ##  ##     ## ##       ##     ##  ##   ##  ##       ##
     ######    ##  ########  ######   ########  #########  ######  ######
     ##        ##  ##    ##  ##       ##     ## ##     ##       ## ##
     ##       #### ##     ## ######## ########  ##     ##  ######  ########

You're about to initialize a Firebase project in this directory:

  F:\proyectos\Angular-Material\Fitness Tracker

Before we get started, keep in mind:

  * You are initializing in an existing Firebase project directory

[info] 
=== Project Setup
[info] 
[info] First, let's associate this project directory with a Firebase project.
[info] You can create multiple project aliases by running firebase use --add, 
[info] but for now we'll just set up a default project.
[info] 
[info] i  .firebaserc already has a default project, skipping
[info] 
=== Firestore Setup
[debug] [2019-03-15T02:11:05.772Z] > command requires scopes: ["email","openid","https://www.googleapis.com/auth/cloudplatformprojects.readonly","https://www.googleapis.com/auth/firebase","https://www.googleapis.com/auth/cloud-platform"]
[debug] [2019-03-15T02:11:05.772Z] > authorizing via signed-in user
[debug] [2019-03-15T02:11:05.774Z] >>> HTTP REQUEST GET https://firebase.googleapis.com/v1beta1/projects/ng-fitness-tracker-f9150  
 
[debug] [2019-03-15T02:11:06.250Z] <<< HTTP RESPONSE 200
[info] 
[info] Firestore Security Rules allow you to define how and when to allow
[info] requests. You can keep these rules in your project directory
[info] and publish them with firebase deploy.
[info] 
